
> kanban-component@0.1.0 build-storybook
> storybook build --output-dir=C:\Users\himes\AppData\Local\Temp\chromatic--11400-hqaqrVv231om

@storybook/cli v7.6.20

info => Cleaning outputDir: C:\Users\himes\AppData\Local\Temp\chromatic--11400-hqaqrVv231om
info => Loading presets
info => Building manager..
info => Manager built (225 ms)
info => Building preview..
info => Copying static files: C:\Users\himes\Desktop\drap-drop\node_modules\@storybook\manager\static at C:\Users\himes\AppData\Local\Temp\chromatic--11400-hqaqrVv231om\sb-common-assets
[36mvite v5.4.21 [32mbuilding for production...[36m[39m
transforming...
[32m✓[39m 875 modules transformed.
rendering chunks...
computing gzip size...
[2m../../AppData/Local/Temp/chromatic--11400-hqaqrVv231om/[22m[32miframe.html                                    [39m[1m[2m 12.60 kB[22m[1m[22m[2m │ gzip:   3.58 kB[22m
[2m../../AppData/Local/Temp/chromatic--11400-hqaqrVv231om/[22m[35massets/preview-rz7SGVap.css                    [39m[1m[2m 19.77 kB[22m[1m[22m[2m │ gzip:   4.00 kB[22m
[2m../../AppData/Local/Temp/chromatic--11400-hqaqrVv231om/[22m[36massets/preview-DJkLcigX.js                     [39m[1m[2m  0.15 kB[22m[1m[22m[2m │ gzip:   0.15 kB[22m
[2m../../AppData/Local/Temp/chromatic--11400-hqaqrVv231om/[22m[36massets/WithTooltip-V3YHNWJZ-y1DSd6tc.js        [39m[1m[2m  0.39 kB[22m[1m[22m[2m │ gzip:   0.25 kB[22m
[2m../../AppData/Local/Temp/chromatic--11400-hqaqrVv231om/[22m[36massets/syntaxhighlighter-MJWPISIS-CfPUZmfP.js  [39m[1m[2m  0.40 kB[22m[1m[22m[2m │ gzip:   0.27 kB[22m
[2m../../AppData/Local/Temp/chromatic--11400-hqaqrVv231om/[22m[36massets/index--fhZTOoi.js                       [39m[1m[2m  0.44 kB[22m[1m[22m[2m │ gzip:   0.30 kB[22m
[2m../../AppData/Local/Temp/chromatic--11400-hqaqrVv231om/[22m[36massets/preview-DIz8ecSF.js                     [39m[1m[2m  0.58 kB[22m[1m[22m[2m │ gzip:   0.38 kB[22m
[2m../../AppData/Local/Temp/chromatic--11400-hqaqrVv231om/[22m[36massets/preview-GWuD73zX.js                     [39m[1m[2m  0.64 kB[22m[1m[22m[2m │ gzip:   0.44 kB[22m
[2m../../AppData/Local/Temp/chromatic--11400-hqaqrVv231om/[22m[36massets/_commonjsHelpers-BosuxZz1.js            [39m[1m[2m  0.69 kB[22m[1m[22m[2m │ gzip:   0.38 kB[22m
[2m../../AppData/Local/Temp/chromatic--11400-hqaqrVv231om/[22m[36massets/index-DrFu-skq.js                       [39m[1m[2m  0.77 kB[22m[1m[22m[2m │ gzip:   0.47 kB[22m
[2m../../AppData/Local/Temp/chromatic--11400-hqaqrVv231om/[22m[36massets/preview-Cv3rAi2i.js                     [39m[1m[2m  0.86 kB[22m[1m[22m[2m │ gzip:   0.55 kB[22m
[2m../../AppData/Local/Temp/chromatic--11400-hqaqrVv231om/[22m[36massets/entry-preview-BxM9UpFU.js               [39m[1m[2m  1.12 kB[22m[1m[22m[2m │ gzip:   0.66 kB[22m
[2m../../AppData/Local/Temp/chromatic--11400-hqaqrVv231om/[22m[36massets/preview-CYtA4pup.js                     [39m[1m[2m  1.19 kB[22m[1m[22m[2m │ gzip:   0.74 kB[22m
[2m../../AppData/Local/Temp/chromatic--11400-hqaqrVv231om/[22m[36massets/index-Cu4lwwaE.js                       [39m[1m[2m  2.58 kB[22m[1m[22m[2m │ gzip:   1.26 kB[22m
[2m../../AppData/Local/Temp/chromatic--11400-hqaqrVv231om/[22m[36massets/preview-BcxrGG1y.js                     [39m[1m[2m  3.19 kB[22m[1m[22m[2m │ gzip:   1.37 kB[22m
[2m../../AppData/Local/Temp/chromatic--11400-hqaqrVv231om/[22m[36massets/iframe-DrUsorze.js                      [39m[1m[2m  4.24 kB[22m[1m[22m[2m │ gzip:   1.76 kB[22m
[2m../../AppData/Local/Temp/chromatic--11400-hqaqrVv231om/[22m[36massets/preview-FHoZfaOb.js                     [39m[1m[2m  5.17 kB[22m[1m[22m[2m │ gzip:   2.37 kB[22m
[2m../../AppData/Local/Temp/chromatic--11400-hqaqrVv231om/[22m[36massets/index-BwDkhjyp.js                       [39m[1m[2m  7.18 kB[22m[1m[22m[2m │ gzip:   2.92 kB[22m
[2m../../AppData/Local/Temp/chromatic--11400-hqaqrVv231om/[22m[36massets/preview-BAz7FMXc.js                     [39m[1m[2m  7.62 kB[22m[1m[22m[2m │ gzip:   1.56 kB[22m
[2m../../AppData/Local/Temp/chromatic--11400-hqaqrVv231om/[22m[36massets/preview-BJKiUloN.js                     [39m[1m[2m  8.11 kB[22m[1m[22m[2m │ gzip:   3.09 kB[22m
[2m../../AppData/Local/Temp/chromatic--11400-hqaqrVv231om/[22m[36massets/Color-6VNJS4EI-C17Hs8IO.js              [39m[1m[2m 31.00 kB[22m[1m[22m[2m │ gzip:  11.74 kB[22m
[2m../../AppData/Local/Temp/chromatic--11400-hqaqrVv231om/[22m[36massets/KanbanBoard.stories-Xe-jUaEa.js         [39m[1m[2m 64.20 kB[22m[1m[22m[2m │ gzip:  17.28 kB[22m
[2m../../AppData/Local/Temp/chromatic--11400-hqaqrVv231om/[22m[36massets/preview-D_2B9Zg0.js                     [39m[1m[2m 72.11 kB[22m[1m[22m[2m │ gzip:  24.44 kB[22m
[2m../../AppData/Local/Temp/chromatic--11400-hqaqrVv231om/[22m[36massets/_getPrototype-CyM2uy4f.js               [39m[1m[2m 77.22 kB[22m[1m[22m[2m │ gzip:  22.95 kB[22m
[2m../../AppData/Local/Temp/chromatic--11400-hqaqrVv231om/[22m[36massets/react-18-BV8tBWVk.js                    [39m[1m[2m134.49 kB[22m[1m[22m[2m │ gzip:  43.38 kB[22m
[2m../../AppData/Local/Temp/chromatic--11400-hqaqrVv231om/[22m[36massets/entry-preview-docs-B25FhO7G.js          [39m[1m[2m211.84 kB[22m[1m[22m[2m │ gzip:  66.35 kB[22m
[2m../../AppData/Local/Temp/chromatic--11400-hqaqrVv231om/[22m[36massets/DocsRenderer-NNNQARDV-BngAip1q.js       [39m[1m[33m540.82 kB[39m[22m[2m │ gzip: 176.34 kB[22m
[2m../../AppData/Local/Temp/chromatic--11400-hqaqrVv231om/[22m[36massets/axe-Nt1wlMuu.js                         [39m[1m[33m578.93 kB[39m[22m[2m │ gzip: 159.52 kB[22m
[2m../../AppData/Local/Temp/chromatic--11400-hqaqrVv231om/[22m[36massets/formatter-SWP5E3XI-DBfqhZp2.js          [39m[1m[33m601.56 kB[39m[22m[2m │ gzip: 186.21 kB[22m
[32m✓ built in 11.06s[39m
info => Preview built (14 s)
info => Output directory: C:\Users\himes\AppData\Local\Temp\chromatic--11400-hqaqrVv231om
